Determining if the pthread_create exist failed with the following output:
Change Dir: /autopilot_bridge_ws/build/CMakeFiles/CMakeTmp

Run Build Command:"/usr/bin/make" "cmTC_e98fa/fast"
/usr/bin/make -f CMakeFiles/cmTC_e98fa.dir/build.make CMakeFiles/cmTC_e98fa.dir/build
make[1]: Entering directory '/autopilot_bridge_ws/build/CMakeFiles/CMakeTmp'
Building C object CMakeFiles/cmTC_e98fa.dir/CheckSymbolExists.c.o
/usr/bin/cc    -o CMakeFiles/cmTC_e98fa.dir/CheckSymbolExists.c.o   -c /autopilot_bridge_ws/build/CMakeFiles/CMakeTmp/CheckSymbolExists.c
Linking C executable cmTC_e98fa
/usr/bin/cmake -E cmake_link_script CMakeFiles/cmTC_e98fa.dir/link.txt --verbose=1
/usr/bin/cc      -rdynamic CMakeFiles/cmTC_e98fa.dir/CheckSymbolExists.c.o  -o cmTC_e98fa 
CMakeFiles/cmTC_e98fa.dir/CheckSymbolExists.c.o: In function `main':
CheckSymbolExists.c:(.text+0x14): undefined reference to `pthread_create'
CheckSymbolExists.c:(.text+0x18): undefined reference to `pthread_create'
collect2: error: ld returned 1 exit status
CMakeFiles/cmTC_e98fa.dir/build.make:97: recipe for target 'cmTC_e98fa' failed
make[1]: *** [cmTC_e98fa] Error 1
make[1]: Leaving directory '/autopilot_bridge_ws/build/CMakeFiles/CMakeTmp'
Makefile:126: recipe for target 'cmTC_e98fa/fast' failed
make: *** [cmTC_e98fa/fast] Error 2

File /autopilot_bridge_ws/build/CMakeFiles/CMakeTmp/CheckSymbolExists.c:
/* */
#include <pthread.h>

int main(int argc, char** argv)
{
  (void)argv;
#ifndef pthread_create
  return ((int*)(&pthread_create))[argc];
#else
  (void)argc;
  return 0;
#endif
}

Determining if the function pthread_create exists in the pthreads failed with the following output:
Change Dir: /autopilot_bridge_ws/build/CMakeFiles/CMakeTmp

Run Build Command:"/usr/bin/make" "cmTC_4b46f/fast"
/usr/bin/make -f CMakeFiles/cmTC_4b46f.dir/build.make CMakeFiles/cmTC_4b46f.dir/build
make[1]: Entering directory '/autopilot_bridge_ws/build/CMakeFiles/CMakeTmp'
Building C object CMakeFiles/cmTC_4b46f.dir/CheckFunctionExists.c.o
/usr/bin/cc   -DCHECK_FUNCTION_EXISTS=pthread_create   -o CMakeFiles/cmTC_4b46f.dir/CheckFunctionExists.c.o   -c /usr/share/cmake-3.10/Modules/CheckFunctionExists.c
Linking C executable cmTC_4b46f
/usr/bin/cmake -E cmake_link_script CMakeFiles/cmTC_4b46f.dir/link.txt --verbose=1
/usr/bin/cc  -DCHECK_FUNCTION_EXISTS=pthread_create    -rdynamic CMakeFiles/cmTC_4b46f.dir/CheckFunctionExists.c.o  -o cmTC_4b46f -lpthreads 
/usr/bin/ld: cannot find -lpthreads
collect2: error: ld returned 1 exit status
CMakeFiles/cmTC_4b46f.dir/build.make:97: recipe for target 'cmTC_4b46f' failed
make[1]: *** [cmTC_4b46f] Error 1
make[1]: Leaving directory '/autopilot_bridge_ws/build/CMakeFiles/CMakeTmp'
Makefile:126: recipe for target 'cmTC_4b46f/fast' failed
make: *** [cmTC_4b46f/fast] Error 2


